<?xml version="1.0" encoding="UTF-8"?>
<<<<<<< HEAD
<testng-results skipped="0" failed="2" total="5" passed="3">
  <reporter-output>
  </reporter-output>
  <suite name="Default suite" duration-ms="3043591" started-at="2019-07-17T19:13:12Z" finished-at="2019-07-17T20:03:55Z">
    <groups>
    </groups>
    <test name="Default test" duration-ms="3043591" started-at="2019-07-17T19:13:12Z" finished-at="2019-07-17T20:03:55Z">
      <class name="pages.HomePageTest">
        <test-method status="PASS" signature="init()[pri:0, instance:pages.HomePageTest@1623b78d]" name="init" is-config="true" duration-ms="11444" started-at="2019-07-17T21:13:12Z" finished-at="2019-07-17T21:13:23Z">
          <reporter-output>
          </reporter-output>
        </test-method> <!-- init -->
        <test-method status="PASS" signature="refreshPage()[pri:0, instance:pages.HomePageTest@1623b78d]" name="refreshPage" is-config="true" duration-ms="3717" started-at="2019-07-17T21:13:23Z" finished-at="2019-07-17T21:13:27Z">
          <reporter-output>
          </reporter-output>
        </test-method> <!-- refreshPage -->
        <test-method status="PASS" signature="searchPackagesForAvailableCountries()[pri:0, instance:pages.HomePageTest@1623b78d]" name="searchPackagesForAvailableCountries" duration-ms="4897" started-at="2019-07-17T21:13:27Z" finished-at="2019-07-17T21:13:32Z">
          <reporter-output>
          </reporter-output>
        </test-method> <!-- searchPackagesForAvailableCountries -->
        <test-method status="PASS" signature="setScreenshot(org.testng.ITestResult)[pri:0, instance:pages.HomePageTest@1623b78d]" name="setScreenshot" is-config="true" duration-ms="2" started-at="2019-07-17T21:13:32Z" finished-at="2019-07-17T21:13:32Z">
          <params>
            <param index="0">
              <value>
                <![CDATA[[TestResult name=searchPackagesForAvailableCountries status=SUCCESS method=HomePageTest.searchPackagesForAvailableCountries()[pri:0, instance:pages.HomePageTest@1623b78d] output={null}]]]>
=======
<testng-results skipped="0" failed="0" total="7" passed="7">
  <reporter-output>
  </reporter-output>
  <suite name="Tests" duration-ms="72977" started-at="2019-05-18T12:06:32Z" finished-at="2019-05-18T12:07:45Z">
    <groups>
    </groups>
    <test name="Test1" duration-ms="37499" started-at="2019-05-18T12:06:32Z" finished-at="2019-05-18T12:07:10Z">
      <class name="pages.HomePageTest">
        <test-method status="PASS" signature="init()[pri:0, instance:pages.HomePageTest@cb5822]" name="init" is-config="true" duration-ms="8075" started-at="2019-05-18T14:06:33Z" finished-at="2019-05-18T14:06:41Z">
          <reporter-output>
          </reporter-output>
        </test-method> <!-- init -->
        <test-method status="PASS" signature="refreshPage()[pri:0, instance:pages.HomePageTest@cb5822]" name="refreshPage" is-config="true" duration-ms="1075" started-at="2019-05-18T14:06:41Z" finished-at="2019-05-18T14:06:42Z">
          <reporter-output>
          </reporter-output>
        </test-method> <!-- refreshPage -->
        <test-method status="PASS" signature="searchPackagesForAvailableCountries()[pri:0, instance:pages.HomePageTest@cb5822]" name="searchPackagesForAvailableCountries" duration-ms="2424" started-at="2019-05-18T14:06:42Z" finished-at="2019-05-18T14:06:44Z">
          <reporter-output>
          </reporter-output>
        </test-method> <!-- searchPackagesForAvailableCountries -->
        <test-method status="PASS" signature="setScreenshot(org.testng.ITestResult)[pri:0, instance:pages.HomePageTest@cb5822]" name="setScreenshot" is-config="true" duration-ms="1" started-at="2019-05-18T14:06:44Z" finished-at="2019-05-18T14:06:44Z">
          <params>
            <param index="0">
              <value>
                <![CDATA[[TestResult name=searchPackagesForAvailableCountries status=SUCCESS method=HomePageTest.searchPackagesForAvailableCountries()[pri:0, instance:pages.HomePageTest@cb5822] output={null}]]]>
>>>>>>> 6078a0b7d565b19a03bf42fd2f351c7228d35cce
              </value>
            </param>
          </params>
          <reporter-output>
          </reporter-output>
        </test-method> <!-- setScreenshot -->
<<<<<<< HEAD
        <test-method status="PASS" signature="refreshPage()[pri:0, instance:pages.HomePageTest@1623b78d]" name="refreshPage" is-config="true" duration-ms="3942" started-at="2019-07-17T21:13:32Z" finished-at="2019-07-17T21:13:36Z">
          <reporter-output>
          </reporter-output>
        </test-method> <!-- refreshPage -->
        <test-method status="PASS" signature="verifyDepartureDates()[pri:0, instance:pages.HomePageTest@1623b78d]" name="verifyDepartureDates" duration-ms="1251" started-at="2019-07-17T21:13:36Z" finished-at="2019-07-17T21:13:37Z">
          <reporter-output>
          </reporter-output>
        </test-method> <!-- verifyDepartureDates -->
        <test-method status="PASS" signature="setScreenshot(org.testng.ITestResult)[pri:0, instance:pages.HomePageTest@1623b78d]" name="setScreenshot" is-config="true" duration-ms="0" started-at="2019-07-17T21:13:37Z" finished-at="2019-07-17T21:13:37Z">
          <params>
            <param index="0">
              <value>
                <![CDATA[[TestResult name=verifyDepartureDates status=SUCCESS method=HomePageTest.verifyDepartureDates()[pri:0, instance:pages.HomePageTest@1623b78d] output={null}]]]>
=======
        <test-method status="PASS" signature="refreshPage()[pri:0, instance:pages.HomePageTest@cb5822]" name="refreshPage" is-config="true" duration-ms="722" started-at="2019-05-18T14:06:44Z" finished-at="2019-05-18T14:06:45Z">
          <reporter-output>
          </reporter-output>
        </test-method> <!-- refreshPage -->
        <test-method status="PASS" signature="verifyDepartureDates()[pri:0, instance:pages.HomePageTest@cb5822]" name="verifyDepartureDates" duration-ms="2449" started-at="2019-05-18T14:06:45Z" finished-at="2019-05-18T14:06:47Z">
          <reporter-output>
          </reporter-output>
        </test-method> <!-- verifyDepartureDates -->
        <test-method status="PASS" signature="setScreenshot(org.testng.ITestResult)[pri:0, instance:pages.HomePageTest@cb5822]" name="setScreenshot" is-config="true" duration-ms="0" started-at="2019-05-18T14:06:47Z" finished-at="2019-05-18T14:06:47Z">
          <params>
            <param index="0">
              <value>
                <![CDATA[[TestResult name=verifyDepartureDates status=SUCCESS method=HomePageTest.verifyDepartureDates()[pri:0, instance:pages.HomePageTest@cb5822] output={null}]]]>
>>>>>>> 6078a0b7d565b19a03bf42fd2f351c7228d35cce
              </value>
            </param>
          </params>
          <reporter-output>
          </reporter-output>
        </test-method> <!-- setScreenshot -->
<<<<<<< HEAD
        <test-method status="PASS" signature="refreshPage()[pri:0, instance:pages.HomePageTest@1623b78d]" name="refreshPage" is-config="true" duration-ms="3355" started-at="2019-07-17T21:13:37Z" finished-at="2019-07-17T21:13:40Z">
          <reporter-output>
          </reporter-output>
        </test-method> <!-- refreshPage -->
        <test-method status="FAIL" signature="verifyLastMinuteDeals()[pri:0, instance:pages.HomePageTest@1623b78d]" name="verifyLastMinuteDeals" duration-ms="1659" started-at="2019-07-17T21:13:40Z" finished-at="2019-07-17T21:13:42Z">
          <exception class="java.lang.AssertionError">
            <message>
              <![CDATA[Text is not as expected expected [Last Minute Deals] but found [Last Minute Tour Deals]]]>
            </message>
            <full-stacktrace>
              <![CDATA[java.lang.AssertionError: Text is not as expected expected [Last Minute Deals] but found [Last Minute Tour Deals]
	at org.testng.Assert.fail(Assert.java:94)
	at org.testng.Assert.failNotEquals(Assert.java:494)
	at org.testng.Assert.assertEquals(Assert.java:123)
	at org.testng.Assert.assertEquals(Assert.java:176)
	at pages.HomePage.verifyLastMinutedeals(HomePage.java:126)
	at pages.HomePageTest.verifyLastMinuteDeals(HomePageTest.java:30)
	at sun.reflect.NativeMethodAccessorImpl.invoke0(Native Method)
	at sun.reflect.NativeMethodAccessorImpl.invoke(NativeMethodAccessorImpl.java:62)
	at sun.reflect.DelegatingMethodAccessorImpl.invoke(DelegatingMethodAccessorImpl.java:43)
	at java.lang.reflect.Method.invoke(Method.java:498)
	at org.testng.internal.MethodInvocationHelper.invokeMethod(MethodInvocationHelper.java:85)
	at org.testng.internal.Invoker.invokeMethod(Invoker.java:696)
	at org.testng.internal.Invoker.invokeTestMethod(Invoker.java:882)
	at org.testng.internal.Invoker.invokeTestMethods(Invoker.java:1189)
	at org.testng.internal.TestMethodWorker.invokeTestMethods(TestMethodWorker.java:124)
	at org.testng.internal.TestMethodWorker.run(TestMethodWorker.java:108)
	at org.testng.TestRunner.privateRun(TestRunner.java:767)
	at org.testng.TestRunner.run(TestRunner.java:617)
	at org.testng.SuiteRunner.runTest(SuiteRunner.java:348)
	at org.testng.SuiteRunner.runSequentially(SuiteRunner.java:343)
	at org.testng.SuiteRunner.privateRun(SuiteRunner.java:305)
	at org.testng.SuiteRunner.run(SuiteRunner.java:254)
	at org.testng.SuiteRunnerWorker.runSuite(SuiteRunnerWorker.java:52)
	at org.testng.SuiteRunnerWorker.run(SuiteRunnerWorker.java:86)
	at org.testng.TestNG.runSuitesSequentially(TestNG.java:1224)
	at org.testng.TestNG.runSuitesLocally(TestNG.java:1149)
	at org.testng.TestNG.run(TestNG.java:1057)
	at org.testng.remote.AbstractRemoteTestNG.run(AbstractRemoteTestNG.java:114)
	at org.testng.remote.RemoteTestNG.initAndRun(RemoteTestNG.java:251)
	at org.testng.remote.RemoteTestNG.main(RemoteTestNG.java:77)
]]>
            </full-stacktrace>
          </exception> <!-- java.lang.AssertionError -->
          <reporter-output>
          </reporter-output>
        </test-method> <!-- verifyLastMinuteDeals -->
        <test-method status="PASS" signature="setScreenshot(org.testng.ITestResult)[pri:0, instance:pages.HomePageTest@1623b78d]" name="setScreenshot" is-config="true" duration-ms="925" started-at="2019-07-17T21:13:42Z" finished-at="2019-07-17T21:13:43Z">
          <params>
            <param index="0">
              <value>
                <![CDATA[[TestResult name=verifyLastMinuteDeals status=FAILURE method=HomePageTest.verifyLastMinuteDeals()[pri:0, instance:pages.HomePageTest@1623b78d] output={null}]]]>
=======
        <test-method status="PASS" signature="refreshPage()[pri:0, instance:pages.HomePageTest@cb5822]" name="refreshPage" is-config="true" duration-ms="1552" started-at="2019-05-18T14:06:47Z" finished-at="2019-05-18T14:06:49Z">
          <reporter-output>
          </reporter-output>
        </test-method> <!-- refreshPage -->
        <test-method status="PASS" signature="verifyLastMinuteDeals()[pri:0, instance:pages.HomePageTest@cb5822]" name="verifyLastMinuteDeals" duration-ms="8214" started-at="2019-05-18T14:06:49Z" finished-at="2019-05-18T14:06:57Z">
          <reporter-output>
          </reporter-output>
        </test-method> <!-- verifyLastMinuteDeals -->
        <test-method status="PASS" signature="setScreenshot(org.testng.ITestResult)[pri:0, instance:pages.HomePageTest@cb5822]" name="setScreenshot" is-config="true" duration-ms="0" started-at="2019-05-18T14:06:57Z" finished-at="2019-05-18T14:06:57Z">
          <params>
            <param index="0">
              <value>
                <![CDATA[[TestResult name=verifyLastMinuteDeals status=SUCCESS method=HomePageTest.verifyLastMinuteDeals()[pri:0, instance:pages.HomePageTest@cb5822] output={null}]]]>
>>>>>>> 6078a0b7d565b19a03bf42fd2f351c7228d35cce
              </value>
            </param>
          </params>
          <reporter-output>
          </reporter-output>
        </test-method> <!-- setScreenshot -->
<<<<<<< HEAD
        <test-method status="PASS" signature="refreshPage()[pri:0, instance:pages.HomePageTest@1623b78d]" name="refreshPage" is-config="true" duration-ms="881" started-at="2019-07-17T21:13:43Z" finished-at="2019-07-17T21:13:44Z">
          <reporter-output>
          </reporter-output>
        </test-method> <!-- refreshPage -->
        <test-method status="PASS" signature="verifyPackagesAreDisplayedByDeals()[pri:0, instance:pages.HomePageTest@1623b78d]" name="verifyPackagesAreDisplayedByDeals" duration-ms="5751" started-at="2019-07-17T21:13:44Z" finished-at="2019-07-17T21:13:49Z">
          <reporter-output>
          </reporter-output>
        </test-method> <!-- verifyPackagesAreDisplayedByDeals -->
        <test-method status="PASS" signature="setScreenshot(org.testng.ITestResult)[pri:0, instance:pages.HomePageTest@1623b78d]" name="setScreenshot" is-config="true" duration-ms="0" started-at="2019-07-17T21:13:49Z" finished-at="2019-07-17T21:13:49Z">
          <params>
            <param index="0">
              <value>
                <![CDATA[[TestResult name=verifyPackagesAreDisplayedByDeals status=SUCCESS method=HomePageTest.verifyPackagesAreDisplayedByDeals()[pri:0, instance:pages.HomePageTest@1623b78d] output={null}]]]>
=======
        <test-method status="PASS" signature="refreshPage()[pri:0, instance:pages.HomePageTest@cb5822]" name="refreshPage" is-config="true" duration-ms="934" started-at="2019-05-18T14:06:57Z" finished-at="2019-05-18T14:06:58Z">
          <reporter-output>
          </reporter-output>
        </test-method> <!-- refreshPage -->
        <test-method status="PASS" signature="verifyPackagesAreDisplayedByDeals()[pri:0, instance:pages.HomePageTest@cb5822]" name="verifyPackagesAreDisplayedByDeals" duration-ms="4501" started-at="2019-05-18T14:06:58Z" finished-at="2019-05-18T14:07:02Z">
          <reporter-output>
          </reporter-output>
        </test-method> <!-- verifyPackagesAreDisplayedByDeals -->
        <test-method status="PASS" signature="setScreenshot(org.testng.ITestResult)[pri:0, instance:pages.HomePageTest@cb5822]" name="setScreenshot" is-config="true" duration-ms="0" started-at="2019-05-18T14:07:02Z" finished-at="2019-05-18T14:07:02Z">
          <params>
            <param index="0">
              <value>
                <![CDATA[[TestResult name=verifyPackagesAreDisplayedByDeals status=SUCCESS method=HomePageTest.verifyPackagesAreDisplayedByDeals()[pri:0, instance:pages.HomePageTest@cb5822] output={null}]]]>
>>>>>>> 6078a0b7d565b19a03bf42fd2f351c7228d35cce
              </value>
            </param>
          </params>
          <reporter-output>
          </reporter-output>
        </test-method> <!-- setScreenshot -->
<<<<<<< HEAD
        <test-method status="PASS" signature="refreshPage()[pri:0, instance:pages.HomePageTest@1623b78d]" name="refreshPage" is-config="true" duration-ms="784" started-at="2019-07-17T21:13:49Z" finished-at="2019-07-17T21:13:50Z">
          <reporter-output>
          </reporter-output>
        </test-method> <!-- refreshPage -->
        <test-method status="FAIL" signature="verifyViewTour()[pri:0, instance:pages.HomePageTest@1623b78d]" name="verifyViewTour" duration-ms="3002683" started-at="2019-07-17T21:13:50Z" finished-at="2019-07-17T22:03:53Z">
          <exception class="java.lang.AssertionError">
            <message>
              <![CDATA[One or more elements are missing from the page]]>
            </message>
            <full-stacktrace>
              <![CDATA[java.lang.AssertionError: One or more elements are missing from the page
	at org.testng.Assert.fail(Assert.java:94)
	at utilities.Utils.verifyAllUIElements(Utils.java:253)
	at pages.HomePage.verifyViewTour(HomePage.java:137)
	at pages.HomePageTest.verifyViewTour(HomePageTest.java:22)
	at sun.reflect.NativeMethodAccessorImpl.invoke0(Native Method)
	at sun.reflect.NativeMethodAccessorImpl.invoke(NativeMethodAccessorImpl.java:62)
	at sun.reflect.DelegatingMethodAccessorImpl.invoke(DelegatingMethodAccessorImpl.java:43)
	at java.lang.reflect.Method.invoke(Method.java:498)
	at org.testng.internal.MethodInvocationHelper.invokeMethod(MethodInvocationHelper.java:85)
	at org.testng.internal.Invoker.invokeMethod(Invoker.java:696)
	at org.testng.internal.Invoker.invokeTestMethod(Invoker.java:882)
	at org.testng.internal.Invoker.invokeTestMethods(Invoker.java:1189)
	at org.testng.internal.TestMethodWorker.invokeTestMethods(TestMethodWorker.java:124)
	at org.testng.internal.TestMethodWorker.run(TestMethodWorker.java:108)
	at org.testng.TestRunner.privateRun(TestRunner.java:767)
	at org.testng.TestRunner.run(TestRunner.java:617)
	at org.testng.SuiteRunner.runTest(SuiteRunner.java:348)
	at org.testng.SuiteRunner.runSequentially(SuiteRunner.java:343)
	at org.testng.SuiteRunner.privateRun(SuiteRunner.java:305)
	at org.testng.SuiteRunner.run(SuiteRunner.java:254)
	at org.testng.SuiteRunnerWorker.runSuite(SuiteRunnerWorker.java:52)
	at org.testng.SuiteRunnerWorker.run(SuiteRunnerWorker.java:86)
	at org.testng.TestNG.runSuitesSequentially(TestNG.java:1224)
	at org.testng.TestNG.runSuitesLocally(TestNG.java:1149)
	at org.testng.TestNG.run(TestNG.java:1057)
	at org.testng.remote.AbstractRemoteTestNG.run(AbstractRemoteTestNG.java:114)
	at org.testng.remote.RemoteTestNG.initAndRun(RemoteTestNG.java:251)
	at org.testng.remote.RemoteTestNG.main(RemoteTestNG.java:77)
]]>
            </full-stacktrace>
          </exception> <!-- java.lang.AssertionError -->
          <reporter-output>
          </reporter-output>
        </test-method> <!-- verifyViewTour -->
        <test-method status="PASS" signature="setScreenshot(org.testng.ITestResult)[pri:0, instance:pages.HomePageTest@1623b78d]" name="setScreenshot" is-config="true" duration-ms="715" started-at="2019-07-17T22:03:53Z" finished-at="2019-07-17T22:03:54Z">
          <params>
            <param index="0">
              <value>
                <![CDATA[[TestResult name=verifyViewTour status=FAILURE method=HomePageTest.verifyViewTour()[pri:0, instance:pages.HomePageTest@1623b78d] output={null}]]]>
=======
        <test-method status="PASS" signature="refreshPage()[pri:0, instance:pages.HomePageTest@cb5822]" name="refreshPage" is-config="true" duration-ms="1066" started-at="2019-05-18T14:07:02Z" finished-at="2019-05-18T14:07:04Z">
          <reporter-output>
          </reporter-output>
        </test-method> <!-- refreshPage -->
        <test-method status="PASS" signature="verifyViewTour()[pri:0, instance:pages.HomePageTest@cb5822]" name="verifyViewTour" duration-ms="3804" started-at="2019-05-18T14:07:04Z" finished-at="2019-05-18T14:07:07Z">
          <reporter-output>
          </reporter-output>
        </test-method> <!-- verifyViewTour -->
        <test-method status="PASS" signature="setScreenshot(org.testng.ITestResult)[pri:0, instance:pages.HomePageTest@cb5822]" name="setScreenshot" is-config="true" duration-ms="0" started-at="2019-05-18T14:07:07Z" finished-at="2019-05-18T14:07:07Z">
          <params>
            <param index="0">
              <value>
                <![CDATA[[TestResult name=verifyViewTour status=SUCCESS method=HomePageTest.verifyViewTour()[pri:0, instance:pages.HomePageTest@cb5822] output={null}]]]>
>>>>>>> 6078a0b7d565b19a03bf42fd2f351c7228d35cce
              </value>
            </param>
          </params>
          <reporter-output>
          </reporter-output>
        </test-method> <!-- setScreenshot -->
<<<<<<< HEAD
        <test-method status="PASS" signature="tearDown()[pri:0, instance:pages.HomePageTest@1623b78d]" name="tearDown" is-config="true" duration-ms="1528" started-at="2019-07-17T22:03:54Z" finished-at="2019-07-17T22:03:55Z">
=======
        <test-method status="PASS" signature="tearDown()[pri:0, instance:pages.HomePageTest@cb5822]" name="tearDown" is-config="true" duration-ms="2616" started-at="2019-05-18T14:07:07Z" finished-at="2019-05-18T14:07:10Z">
>>>>>>> 6078a0b7d565b19a03bf42fd2f351c7228d35cce
          <reporter-output>
          </reporter-output>
        </test-method> <!-- tearDown -->
      </class> <!-- pages.HomePageTest -->
<<<<<<< HEAD
    </test> <!-- Default test -->
  </suite> <!-- Default suite -->
=======
    </test> <!-- Test1 -->
    <test name="Test2" duration-ms="35395" started-at="2019-05-18T12:07:10Z" finished-at="2019-05-18T12:07:45Z">
      <class name="pages.LoginPageTest">
        <test-method status="PASS" signature="init()[pri:0, instance:pages.LoginPageTest@42e26948]" name="init" is-config="true" duration-ms="10045" started-at="2019-05-18T14:07:10Z" finished-at="2019-05-18T14:07:20Z">
          <reporter-output>
          </reporter-output>
        </test-method> <!-- init -->
        <test-method status="PASS" signature="refreshPage()[pri:0, instance:pages.LoginPageTest@42e26948]" name="refreshPage" is-config="true" duration-ms="1281" started-at="2019-05-18T14:07:20Z" finished-at="2019-05-18T14:07:21Z">
          <reporter-output>
          </reporter-output>
        </test-method> <!-- refreshPage -->
        <test-method status="PASS" signature="verifyInvalidLogin()[pri:0, instance:pages.LoginPageTest@42e26948]" name="verifyInvalidLogin" duration-ms="11198" started-at="2019-05-18T14:07:21Z" finished-at="2019-05-18T14:07:33Z">
          <reporter-output>
          </reporter-output>
        </test-method> <!-- verifyInvalidLogin -->
        <test-method status="PASS" signature="setScreenshot(org.testng.ITestResult)[pri:0, instance:pages.LoginPageTest@42e26948]" name="setScreenshot" is-config="true" duration-ms="1" started-at="2019-05-18T14:07:33Z" finished-at="2019-05-18T14:07:33Z">
          <params>
            <param index="0">
              <value>
                <![CDATA[[TestResult name=verifyInvalidLogin status=SUCCESS method=LoginPageTest.verifyInvalidLogin()[pri:0, instance:pages.LoginPageTest@42e26948] output={null}]]]>
              </value>
            </param>
          </params>
          <reporter-output>
          </reporter-output>
        </test-method> <!-- setScreenshot -->
        <test-method status="PASS" signature="refreshPage()[pri:0, instance:pages.LoginPageTest@42e26948]" name="refreshPage" is-config="true" duration-ms="1335" started-at="2019-05-18T14:07:33Z" finished-at="2019-05-18T14:07:34Z">
          <reporter-output>
          </reporter-output>
        </test-method> <!-- refreshPage -->
        <test-method status="PASS" signature="verifyLoginToTourRader()[pri:0, instance:pages.LoginPageTest@42e26948]" name="verifyLoginToTourRader" duration-ms="10126" started-at="2019-05-18T14:07:34Z" finished-at="2019-05-18T14:07:44Z">
          <reporter-output>
          </reporter-output>
        </test-method> <!-- verifyLoginToTourRader -->
        <test-method status="PASS" signature="setScreenshot(org.testng.ITestResult)[pri:0, instance:pages.LoginPageTest@42e26948]" name="setScreenshot" is-config="true" duration-ms="0" started-at="2019-05-18T14:07:44Z" finished-at="2019-05-18T14:07:44Z">
          <params>
            <param index="0">
              <value>
                <![CDATA[[TestResult name=verifyLoginToTourRader status=SUCCESS method=LoginPageTest.verifyLoginToTourRader()[pri:0, instance:pages.LoginPageTest@42e26948] output={null}]]]>
              </value>
            </param>
          </params>
          <reporter-output>
          </reporter-output>
        </test-method> <!-- setScreenshot -->
        <test-method status="PASS" signature="tearDown()[pri:0, instance:pages.LoginPageTest@42e26948]" name="tearDown" is-config="true" duration-ms="1402" started-at="2019-05-18T14:07:44Z" finished-at="2019-05-18T14:07:45Z">
          <reporter-output>
          </reporter-output>
        </test-method> <!-- tearDown -->
      </class> <!-- pages.LoginPageTest -->
    </test> <!-- Test2 -->
  </suite> <!-- Tests -->
>>>>>>> 6078a0b7d565b19a03bf42fd2f351c7228d35cce
</testng-results>
