<?xml version="1.0" encoding="UTF-8"?>
<!-- Generated by org.testng.reporters.JUnitReportReporter -->
<<<<<<< HEAD
<testsuite hostname="E0211935" name="pages.HomePageTest" tests="5" failures="0" timestamp="17 Jul 2019 20:03:55 GMT" time="3030.562" errors="2">
  <testcase name="verifyLastMinuteDeals" time="5.378" classname="pages.HomePageTest">
    <error type="java.lang.AssertionError" message="Text is not as expected expected [Last Minute Deals] but found [Last Minute Tour Deals]">
      <![CDATA[java.lang.AssertionError: Text is not as expected expected [Last Minute Deals] but found [Last Minute Tour Deals]
	at org.testng.Assert.fail(Assert.java:94)
	at org.testng.Assert.failNotEquals(Assert.java:494)
	at org.testng.Assert.assertEquals(Assert.java:123)
	at org.testng.Assert.assertEquals(Assert.java:176)
	at pages.HomePage.verifyLastMinutedeals(HomePage.java:126)
	at pages.HomePageTest.verifyLastMinuteDeals(HomePageTest.java:30)
	at sun.reflect.NativeMethodAccessorImpl.invoke0(Native Method)
	at sun.reflect.NativeMethodAccessorImpl.invoke(NativeMethodAccessorImpl.java:62)
	at sun.reflect.DelegatingMethodAccessorImpl.invoke(DelegatingMethodAccessorImpl.java:43)
	at java.lang.reflect.Method.invoke(Method.java:498)
	at org.testng.internal.MethodInvocationHelper.invokeMethod(MethodInvocationHelper.java:85)
	at org.testng.internal.Invoker.invokeMethod(Invoker.java:696)
	at org.testng.internal.Invoker.invokeTestMethod(Invoker.java:882)
	at org.testng.internal.Invoker.invokeTestMethods(Invoker.java:1189)
	at org.testng.internal.TestMethodWorker.invokeTestMethods(TestMethodWorker.java:124)
	at org.testng.internal.TestMethodWorker.run(TestMethodWorker.java:108)
	at org.testng.TestRunner.privateRun(TestRunner.java:767)
	at org.testng.TestRunner.run(TestRunner.java:617)
	at org.testng.SuiteRunner.runTest(SuiteRunner.java:348)
	at org.testng.SuiteRunner.runSequentially(SuiteRunner.java:343)
	at org.testng.SuiteRunner.privateRun(SuiteRunner.java:305)
	at org.testng.SuiteRunner.run(SuiteRunner.java:254)
	at org.testng.SuiteRunnerWorker.runSuite(SuiteRunnerWorker.java:52)
	at org.testng.SuiteRunnerWorker.run(SuiteRunnerWorker.java:86)
	at org.testng.TestNG.runSuitesSequentially(TestNG.java:1224)
	at org.testng.TestNG.runSuitesLocally(TestNG.java:1149)
	at org.testng.TestNG.run(TestNG.java:1057)
	at org.testng.remote.AbstractRemoteTestNG.run(AbstractRemoteTestNG.java:114)
	at org.testng.remote.RemoteTestNG.initAndRun(RemoteTestNG.java:251)
	at org.testng.remote.RemoteTestNG.main(RemoteTestNG.java:77)
]]>
    </error>
  </testcase> <!-- verifyLastMinuteDeals -->
  <testcase name="verifyDepartureDates" time="5.193" classname="pages.HomePageTest"/>
  <testcase name="searchPackagesForAvailableCountries" time="8.252" classname="pages.HomePageTest"/>
  <testcase name="verifyPackagesAreDisplayedByDeals" time="7.250" classname="pages.HomePageTest"/>
  <testcase name="verifyViewTour" time="3004.489" classname="pages.HomePageTest">
    <error type="java.lang.AssertionError" message="One or more elements are missing from the page">
      <![CDATA[java.lang.AssertionError: One or more elements are missing from the page
	at org.testng.Assert.fail(Assert.java:94)
	at utilities.Utils.verifyAllUIElements(Utils.java:253)
	at pages.HomePage.verifyViewTour(HomePage.java:137)
	at pages.HomePageTest.verifyViewTour(HomePageTest.java:22)
	at sun.reflect.NativeMethodAccessorImpl.invoke0(Native Method)
	at sun.reflect.NativeMethodAccessorImpl.invoke(NativeMethodAccessorImpl.java:62)
	at sun.reflect.DelegatingMethodAccessorImpl.invoke(DelegatingMethodAccessorImpl.java:43)
	at java.lang.reflect.Method.invoke(Method.java:498)
	at org.testng.internal.MethodInvocationHelper.invokeMethod(MethodInvocationHelper.java:85)
	at org.testng.internal.Invoker.invokeMethod(Invoker.java:696)
	at org.testng.internal.Invoker.invokeTestMethod(Invoker.java:882)
	at org.testng.internal.Invoker.invokeTestMethods(Invoker.java:1189)
	at org.testng.internal.TestMethodWorker.invokeTestMethods(TestMethodWorker.java:124)
	at org.testng.internal.TestMethodWorker.run(TestMethodWorker.java:108)
	at org.testng.TestRunner.privateRun(TestRunner.java:767)
	at org.testng.TestRunner.run(TestRunner.java:617)
	at org.testng.SuiteRunner.runTest(SuiteRunner.java:348)
	at org.testng.SuiteRunner.runSequentially(SuiteRunner.java:343)
	at org.testng.SuiteRunner.privateRun(SuiteRunner.java:305)
	at org.testng.SuiteRunner.run(SuiteRunner.java:254)
	at org.testng.SuiteRunnerWorker.runSuite(SuiteRunnerWorker.java:52)
	at org.testng.SuiteRunnerWorker.run(SuiteRunnerWorker.java:86)
	at org.testng.TestNG.runSuitesSequentially(TestNG.java:1224)
	at org.testng.TestNG.runSuitesLocally(TestNG.java:1149)
	at org.testng.TestNG.run(TestNG.java:1057)
	at org.testng.remote.AbstractRemoteTestNG.run(AbstractRemoteTestNG.java:114)
	at org.testng.remote.RemoteTestNG.initAndRun(RemoteTestNG.java:251)
	at org.testng.remote.RemoteTestNG.main(RemoteTestNG.java:77)
]]>
    </error>
  </testcase> <!-- verifyViewTour -->
=======
<testsuite hostname="E0211935" name="pages.HomePageTest" tests="5" failures="0" timestamp="18 May 2019 12:07:46 GMT" time="26.742" errors="0">
  <testcase name="searchPackagesForAvailableCountries" time="3.977" classname="pages.HomePageTest"/>
  <testcase name="verifyViewTour" time="4.526" classname="pages.HomePageTest"/>
  <testcase name="verifyPackagesAreDisplayedByDeals" time="5.435" classname="pages.HomePageTest"/>
  <testcase name="verifyDepartureDates" time="3.515" classname="pages.HomePageTest"/>
  <testcase name="verifyLastMinuteDeals" time="9.289" classname="pages.HomePageTest"/>
>>>>>>> 6078a0b7d565b19a03bf42fd2f351c7228d35cce
</testsuite> <!-- pages.HomePageTest -->
